#
# There is insufficient memory for the Java Runtime Environment to continue.
# Native memory allocation (mmap) failed to map 266338304 bytes for G1 virtual space
# Possible reasons:
#   The system is out of physical RAM or swap space
#   The process is running with CompressedOops enabled, and the Java Heap may be blocking the growth of the native heap
# Possible solutions:
#   Reduce memory load on the system
#   Increase physical memory or swap space
#   Check if swap backing store is full
#   Decrease Java heap size (-Xmx/-Xms)
#   Decrease number of Java threads
#   Decrease Java thread stack sizes (-Xss)
#   Set larger code cache with -XX:ReservedCodeCacheSize=
#   JVM is running with Zero Based Compressed Oops mode in which the Java heap is
#     placed in the first 32GB address space. The Java Heap base address is the
#     maximum limit for the native heap growth. Please use -XX:HeapBaseMinAddress
#     to set the Java Heap base and to place the Java Heap above 32GB virtual address.
# This output file may be truncated or incomplete.
#
#  Out of Memory Error (os_windows.cpp:3536), pid=28028, tid=26620
#
# JRE version:  (19.0.2+7) (build )
# Java VM: Java HotSpot(TM) 64-Bit Server VM (19.0.2+7-44, mixed mode, sharing, tiered, compressed oops, compressed class ptrs, g1 gc, windows-amd64)
# No core dump will be written. Minidumps are not enabled by default on client versions of Windows
#

---------------  S U M M A R Y ------------

Command Line: -Dfile.encoding=UTF-8 --module-path=C:\Users\HP\Documents\NetBeansProjects\Employee Management System\build\classes employee.management.system.AddEmployee

Host: 11th Gen Intel(R) Core(TM) i5-1135G7 @ 2.40GHz, 8 cores, 15G,  Windows 10 , 64 bit Build 19041 (10.0.19041.2788)
Time: Sun May  7 03:20:00 2023 India Standard Time elapsed time: 0.008082 seconds (0d 0h 0m 0s)

---------------  T H R E A D  ---------------

Current thread (0x0000025db048b940):  JavaThread "Unknown thread" [_thread_in_vm, id=26620, stack(0x000000833b400000,0x000000833b500000)]

Stack: [0x000000833b400000,0x000000833b500000]
Native frames: (J=compiled Java code, j=interpreted, Vv=VM code, C=native code)
V  [jvm.dll+0x6ee21a]
V  [jvm.dll+0x85765e]
V  [jvm.dll+0x85904e]
V  [jvm.dll+0x859703]
V  [jvm.dll+0x28298f]
V  [jvm.dll+0x6eb009]
V  [jvm.dll+0x6dfbaa]
V  [jvm.dll+0x3573f6]
V  [jvm.dll+0x35ee56]
V  [jvm.dll+0x3b541e]
V  [jvm.dll+0x3b564f]
V  [jvm.dll+0x32c9ea]
V  [jvm.dll+0x32d89e]
V  [jvm.dll+0x821780]
V  [jvm.dll+0x3c2661]
V  [jvm.dll+0x801f51]
V  [jvm.dll+0x44ae8f]
V  [jvm.dll+0x44c811]
C  [jli.dll+0x5287]
C  [ucrtbase.dll+0x21bb2]
C  [KERNEL32.DLL+0x17604]
C  [ntdll.dll+0x526a1]


---------------  P R O C E S S  ---------------

Threads class SMR info:
_java_thread_list=0x00007ffe8eafd048, length=0, elements={
}

Java Threads: ( => current thread )

Other Threads:
  0x0000025db04fc2f0 WorkerThread "GC Thread#0" [stack: 0x000000833b500000,0x000000833b600000] [id=11656]
  0x0000025db050cea0 ConcurrentGCThread "G1 Main Marker" [stack: 0x000000833b600000,0x000000833b700000] [id=12096]
  0x0000025db050d8d0 WorkerThread "G1 Conc#0" [stack: 0x000000833b700000,0x000000833b800000] [id=11156]

[error occurred during error reporting (printing all threads), id 0xc0000005, EXCEPTION_ACCESS_VIOLATION (0xc0000005) at pc=0x00007ffe8e2bd427]

VM state: not at safepoint (not fully initialized)

VM Mutex/Monitor currently owned by a thread:  ([mutex/lock_event])
[0x0000025db0488ea0] Heap_lock - owner thread: 0x0000025db048b940

Heap address: 0x0000000703a00000, size: 4038 MB, Compressed Oops mode: Zero based, Oop shift amount: 3

CDS archive(s) mapped at: [0x0000000000000000-0x0000000000000000-0x0000000000000000), size 0, SharedBaseAddress: 0x0000000800000000, ArchiveRelocationMode: 0.
Narrow klass base: 0x0000000000000000, Narrow klass shift: 0, Narrow klass range: 0x0

GC Precious Log:
 CardTable entry size: 512
 Card Set container configuration: InlinePtr #cards 4 size 8 Array Of Cards #cards 16 size 48 Howl #buckets 8 coarsen threshold 3686 Howl Bitmap #cards 512 size 80 coarsen threshold 460 Card regions per heap region 1 cards per card region 4096

Heap:
 garbage-first heap   total 0K, used 0K [0x0000000703a00000, 0x0000000800000000)
  region size 2048K, 0 young (0K), 0 survivors (0K)

[error occurred during error reporting (printing heap information), id 0xc0000005, EXCEPTION_ACCESS_VIOLATION (0xc0000005) at pc=0x00007ffe8e6c6649]

GC Heap History (0 events):
No events

Dll operation events (1 events):
Event: 0.004 Loaded shared library C:\Program Files\Java\jdk-19\bin\java.dll

Deoptimization events (0 events):
No events

Classes loaded (0 events):
No events

Classes unloaded (0 events):
No events

Classes redefined (0 events):
No events

Internal exceptions (0 events):
No events

VM Operations (0 events):
No events

Events (0 events):
No events


Dynamic libraries:
0x00007ff734e60000 - 0x00007ff734e70000 	C:\Program Files\Java\jdk-19\bin\java.exe
0x00007ffeed1d0000 - 0x00007ffeed3c8000 	C:\windows\SYSTEM32\ntdll.dll
0x00007ffeeba60000 - 0x00007ffeebb1f000 	C:\windows\System32\KERNEL32.DLL
0x00007ffeea930000 - 0x00007ffeeac0a000 	C:\windows\System32\KERNELBASE.dll
0x00007ffeeb130000 - 0x00007ffeeb230000 	C:\windows\System32\ucrtbase.dll
0x00007ffee22a0000 - 0x00007ffee22b8000 	C:\Program Files\Java\jdk-19\bin\jli.dll
0x00007ffeed030000 - 0x00007ffeed0de000 	C:\windows\System32\ADVAPI32.dll
0x00007ffee5e50000 - 0x00007ffee5e6b000 	C:\Program Files\Java\jdk-19\bin\VCRUNTIME140.dll
0x00007ffeec8f0000 - 0x00007ffeec98e000 	C:\windows\System32\msvcrt.dll
0x00007ffeeb230000 - 0x00007ffeeb2cc000 	C:\windows\System32\sechost.dll
0x00007ffeec1c0000 - 0x00007ffeec2e6000 	C:\windows\System32\RPCRT4.dll
0x00007ffeecd90000 - 0x00007ffeecf2d000 	C:\windows\System32\USER32.dll
0x00007ffec75c0000 - 0x00007ffec785a000 	C:\windows\WinSxS\amd64_microsoft.windows.common-controls_6595b64144ccf1df_6.0.19041.1110_none_60b5254171f9507e\COMCTL32.dll
0x00007ffeeae00000 - 0x00007ffeeae22000 	C:\windows\System32\win32u.dll
0x00007ffeec770000 - 0x00007ffeec79b000 	C:\windows\System32\GDI32.dll
0x00007ffeeae30000 - 0x00007ffeeaf40000 	C:\windows\System32\gdi32full.dll
0x00007ffeeafe0000 - 0x00007ffeeb07d000 	C:\windows\System32\msvcp_win.dll
0x00007ffee3a30000 - 0x00007ffee3a3a000 	C:\windows\SYSTEM32\VERSION.dll
0x00007ffeeba30000 - 0x00007ffeeba60000 	C:\windows\System32\IMM32.DLL
0x00007ffee5db0000 - 0x00007ffee5dbc000 	C:\Program Files\Java\jdk-19\bin\vcruntime140_1.dll
0x00007ffed2760000 - 0x00007ffed27ee000 	C:\Program Files\Java\jdk-19\bin\msvcp140.dll
0x00007ffe8df80000 - 0x00007ffe8ec40000 	C:\Program Files\Java\jdk-19\bin\server\jvm.dll
0x00007ffee5e30000 - 0x00007ffee5e39000 	C:\windows\SYSTEM32\WSOCK32.dll
0x00007ffeec2f0000 - 0x00007ffeec35b000 	C:\windows\System32\WS2_32.dll
0x00007ffec8ba0000 - 0x00007ffec8bc7000 	C:\windows\SYSTEM32\WINMM.dll
0x00007ffee9120000 - 0x00007ffee9132000 	C:\windows\SYSTEM32\kernel.appcore.dll
0x00007ffee5da0000 - 0x00007ffee5daa000 	C:\Program Files\Java\jdk-19\bin\jimage.dll
0x00007ffee8330000 - 0x00007ffee8514000 	C:\windows\SYSTEM32\DBGHELP.DLL
0x00007ffec89f0000 - 0x00007ffec8a24000 	C:\windows\SYSTEM32\dbgcore.DLL
0x00007ffeeac10000 - 0x00007ffeeac92000 	C:\windows\System32\bcryptPrimitives.dll
0x00007ffee2b90000 - 0x00007ffee2bb6000 	C:\Program Files\Java\jdk-19\bin\java.dll

dbghelp: loaded successfully - version: 4.0.5 - missing functions: none
symbol engine: initialized successfully - sym options: 0x614 - pdb path: .;C:\Program Files\Java\jdk-19\bin;C:\windows\SYSTEM32;C:\windows\WinSxS\amd64_microsoft.windows.common-controls_6595b64144ccf1df_6.0.19041.1110_none_60b5254171f9507e;C:\Program Files\Java\jdk-19\bin\server

VM Arguments:
jvm_args: -Dfile.encoding=UTF-8 --module-path=C:\Users\HP\Documents\NetBeansProjects\Employee Management System\build\classes 
java_command: employee.management.system.AddEmployee
java_class_path (initial): D:\Study Material\Software installation\mysql-connector-java-8.0.28.jar;D:\Study Material\Software installation\jcalendar-tz-1.3.3-4.jar;C:\Users\HP\Documents\NetBeansProjects\Employee Management System\build\classes
Launcher Type: SUN_STANDARD

[Global flags]
     intx CICompilerCount                          = 4                                         {product} {ergonomic}
     uint ConcGCThreads                            = 2                                         {product} {ergonomic}
     uint G1ConcRefinementThreads                  = 8                                         {product} {ergonomic}
   size_t G1HeapRegionSize                         = 2097152                                   {product} {ergonomic}
    uintx GCDrainStackTargetSize                   = 64                                        {product} {ergonomic}
   size_t InitialHeapSize                          = 266338304                                 {product} {ergonomic}
   size_t MarkStackSize                            = 4194304                                   {product} {ergonomic}
   size_t MaxHeapSize                              = 4234149888                                {product} {ergonomic}
   size_t MinHeapDeltaBytes                        = 2097152                                   {product} {ergonomic}
   size_t MinHeapSize                              = 8388608                                   {product} {ergonomic}
    uintx NonNMethodCodeHeapSize                   = 5839372                                {pd product} {ergonomic}
    uintx NonProfiledCodeHeapSize                  = 122909434                              {pd product} {ergonomic}
    uintx ProfiledCodeHeapSize                     = 122909434                              {pd product} {ergonomic}
    uintx ReservedCodeCacheSize                    = 251658240                              {pd product} {ergonomic}
     bool SegmentedCodeCache                       = true                                      {product} {ergonomic}
   size_t SoftMaxHeapSize                          = 4234149888                             {manageable} {ergonomic}
     bool UseCompressedClassPointers               = true                           {product lp64_product} {ergonomic}
     bool UseCompressedOops                        = true                           {product lp64_product} {ergonomic}
     bool UseG1GC                                  = true                                      {product} {ergonomic}
     bool UseLargePagesIndividualAllocation        = false                                  {pd product} {ergonomic}

Logging:
Log output configuration:
 #0: stdout all=warning uptime,level,tags foldmultilines=false
 #1: stderr all=off uptime,level,tags foldmultilines=false

Environment Variables:
JAVA_HOME=C:\Java\jdk-17.0.1\bin
PATH=C:\Program Files\Common Files\Oracle\Java\javapath;C:\windows\system32;C:\windows;C:\windows\System32\Wbem;C:\windows\System32\WindowsPowerShell\v1.0\;C:\windows\System32\OpenSSH\;C:\Program Files (x86)\NVIDIA Corporation\PhysX\Common;C:\Program Files\NVIDIA Corporation\NVIDIA NvDLISR;C:\Program Files\Java\jdk-17.0.1\bin;C:\Program Files (x86)\Microchip\MPLAB C32 Suite\bin;C:\Program Files (x86)\HI-TECH Software\PICC\9.71a\bin;C:\Program Files\Microchip\xc8\v2.36\bin;C:\MinGW\bin;C:\Program Files\JetBrains\PyCharm Community Edition 2022.1.4\bin;C:\Java\jdk-17.0.1\bin;C:\hadoop\bin;C:\Program Files\Git\cmd;C:\Program Files\Git\bin\git.exe;C:\Program Files\MySQL\MySQL Shell 8.0\bin\;C:\Users\HP\AppData\Local\Programs\Python\Python310\Scripts\;C:\Users\HP\AppData\Local\Programs\Python\Python310\;C:\Users\HP\AppData\Local\Microsoft\WindowsApps;C:\Program Files\JetBrains\IntelliJ IDEA Community Edition 2021.3\bin;;C:\Program Files\JetBrains\PyCharm Community Edition 2022.1.4\bin;;C:\MinGW\bin;C:\Users\HP\AppData\Local\Programs\Microsoft VS Code\bin;C:\Users\HP\AppData\Local\Google\Cloud SDK\google-cloud-sdk\bin
USERNAME=HP
OS=Windows_NT
PROCESSOR_IDENTIFIER=Intel64 Family 6 Model 140 Stepping 1, GenuineIntel
TMP=C:\Users\HP\AppData\Local\Temp
TEMP=C:\Users\HP\AppData\Local\Temp



---------------  S Y S T E M  ---------------

OS:
 Windows 10 , 64 bit Build 19041 (10.0.19041.2788)
OS uptime: 0 days 4:04 hours
Hyper-V role detected

CPU: total 8 (initial active 8) (4 cores per cpu, 2 threads per core) family 6 model 140 stepping 1 microcode 0xa4, cx8, cmov, fxsr, ht, mmx, 3dnowpref, sse, sse2, sse3, ssse3, sse4.1, sse4.2, popcnt, lzcnt, tsc, tscinvbit, avx, avx2, aes, erms, clmul, bmi1, bmi2, adx, avx512f, avx512dq, avx512cd, avx512bw, avx512vl, sha, fma, vzeroupper, avx512_vpopcntdq, avx512_vpclmulqdq, avx512_vaes, avx512_vnni, clflush, clflushopt, clwb, avx512_vbmi2, avx512_vbmi, hv, rdtscp, rdpid, fsrm, gfni, avx512_bitalg

Memory: 4k page, system-wide physical 16149M (530M free)
TotalPageFile size 52097M (AvailPageFile size 240M)
current process WorkingSet (physical memory assigned to process): 10M, peak: 10M
current process commit charge ("private bytes"): 60M, peak: 314M

vm_info: Java HotSpot(TM) 64-Bit Server VM (19.0.2+7-44) for windows-amd64 JRE (19.0.2+7-44), built on 2022-11-30T18:02:09Z by "mach5one" with MS VC++ 17.1 (VS2022)

END.
